         __
 _(\    |@@|
(__/\__ \--/ __
   \___|----|  |   __
       \ }{ /\ )_ / _\
       /\__/\ \__O (_COMP90041
      (--/\--)    \__/
      _)(  )(_
     `---''---`

    $$$$$$$\                                                    $$$$$$$\             $$\     
    $$  __$$\                                                   $$  __$$\            $$ |    
    $$ |  $$ | $$$$$$\   $$$$$$$\  $$$$$$$\ $$\   $$\  $$$$$$\  $$ |  $$ | $$$$$$\ $$$$$$\   
    $$$$$$$  |$$  __$$\ $$  _____|$$  _____|$$ |  $$ |$$  __$$\ $$$$$$$\ |$$  __$$\\_$$  _|  
    $$  __$$< $$$$$$$$ |\$$$$$$\  $$ /      $$ |  $$ |$$$$$$$$ |$$  __$$\ $$ /  $$ | $$ |    
    $$ |  $$ |$$   ____| \____$$\ $$ |      $$ |  $$ |$$   ____|$$ |  $$ |$$ |  $$ | $$ |$$\ 
    $$ |  $$ |\$$$$$$$\ $$$$$$$  |\$$$$$$$\ \$$$$$$  |\$$$$$$$\ $$$$$$$  |\$$$$$$  | \$$$$  |
    \__|  \__| \_______|\_______/  \_______| \______/  \_______|\_______/  \______/   \____/ 
                                                                                         
                                                                                         
Let's take a moment of reflection...
I know it seems unfair to prioritize one's life over an other's. We have no choice but to choose.
We've put forth our best effort to save lives. I thank you for your service, hooman.
Below are the scenarios that have been judged so far. I'll leave statistics calculation to you since I'm not good at Maths.
Just kidding...Let me handle that boring part. Please go to the Main Menu and choose Audit to get all the figures.
Have a nice life, hooman. Live long and prosper! To infinity and beyond! :)



|                                                  SCENARIO: FLOOD | Decided by user at 2023/06/17 00:22:58                                                     |
|    CHARACTER      |    GENDER         |    AGE            |    BODYTYPE       |    PROFESSION     |    PREGNANT       |    SPECIES        |    ISPET          |
|#1 Location: 13.7154 N; 150.9094 W___________________________________________________________________________________________________|_Trespassed_|___Saved____|
|___human___________|___female__________|___16______________|___overweight______|___none____________|___false___________|___________________|___________________|
|___animal__________|___female__________|___8_______________|___overweight______|___________________|___________________|___cat_____________|___true____________|
|___animal__________|___female__________|___16______________|___overweight______|___________________|___________________|___koala___________|___false___________|
|___human___________|___male____________|___7_______________|___athletic________|___none____________|___false___________|___________________|___________________|
|___human___________|___male____________|___17______________|___average_________|___student_________|___false___________|___________________|___________________|
|#2 Location: 15.3983 N; 122.8133 W___________________________________________________________________________________________________|___Legal____|___Skipped__|
|___human___________|___male____________|___52______________|___athletic________|___doctor__________|___false___________|___________________|___________________|
|___animal__________|___male____________|___3_______________|___overweight______|___________________|___________________|___koala___________|___false___________|

|                                                  SCENARIO: BUSHFIRE | Decided by user at 2023/06/17 00:22:58                                                  |
|    CHARACTER      |    GENDER         |    AGE            |    BODYTYPE       |    PROFESSION     |    PREGNANT       |    SPECIES        |    ISPET          |
|#1 Location: 17.5548 S; 158.8239 E___________________________________________________________________________________________________|___Legal____|___Skipped__|
|___human___________|___male____________|___71______________|___athletic________|___none____________|___false___________|___________________|___________________|
|___animal__________|___male____________|___15______________|___average_________|___________________|___________________|___wallaby_________|___false___________|
|___human___________|___male____________|___37______________|___overweight______|___professor_______|___false___________|___________________|___________________|
|___human___________|___female__________|___41______________|___average_________|___doctor__________|___false___________|___________________|___________________|
|#2 Location: 17.6069 S; 161.7064 E___________________________________________________________________________________________________|_Trespassed_|___Saved____|
|___human___________|___female__________|___34______________|___average_________|___criminal________|___false___________|___________________|___________________|
|___human___________|___male____________|___59______________|___athletic________|___professor_______|___false___________|___________________|___________________|
|___human___________|___female__________|___28______________|___overweight______|___ceo_____________|___true____________|___________________|___________________|

|                                                  SCENARIO: CYCLONE | Decided by user at 2023/06/17 00:22:59                                                   |
|    CHARACTER      |    GENDER         |    AGE            |    BODYTYPE       |    PROFESSION     |    PREGNANT       |    SPECIES        |    ISPET          |
|#1 Location: 42.6598 S; 69.283 E_____________________________________________________________________________________________________|___Legal____|___Saved____|
|___human___________|___male____________|___61______________|___athletic________|___homeless________|___false___________|___________________|___________________|
|___animal__________|___female__________|___9_______________|___overweight______|___________________|___________________|___wallaby_________|___false___________|
|___human___________|___male____________|___35______________|___overweight______|___ceo_____________|___false___________|___________________|___________________|
|#2 Location: 42.7966 S; 68.3571 E____________________________________________________________________________________________________|___Legal____|___Skipped__|
|___human___________|___male____________|___67______________|___average_________|___ceo_____________|___false___________|___________________|___________________|
|___human___________|___female__________|___14______________|___athletic________|___none____________|___false___________|___________________|___________________|
|___human___________|___male____________|___34______________|___athletic________|___homeless________|___false___________|___________________|___________________|

|                                                  SCENARIO: FLOOD | Decided by algorithm at 2023/06/23 10:48:03                                                |
|    CHARACTER      |    GENDER         |    AGE            |    BODYTYPE       |    PROFESSION     |    PREGNANT       |    SPECIES        |    ISPET          |
|#1 Location: 13.7154 N; 150.9094 W___________________________________________________________________________________________________|_Trespassed_|___Saved____|
|___human___________|___female__________|___16______________|___overweight______|___none____________|___false___________|___________________|___________________|
|___animal__________|___female__________|___8_______________|___overweight______|___________________|___________________|___cat_____________|___true____________|
|___animal__________|___female__________|___16______________|___overweight______|___________________|___________________|___koala___________|___false___________|
|___human___________|___male____________|___7_______________|___athletic________|___none____________|___false___________|___________________|___________________|
|___human___________|___male____________|___17______________|___average_________|___student_________|___false___________|___________________|___________________|
|#2 Location: 15.3983 N; 122.8133 W___________________________________________________________________________________________________|___Legal____|___Skipped__|
|___human___________|___male____________|___52______________|___athletic________|___doctor__________|___false___________|___________________|___________________|
|___animal__________|___male____________|___3_______________|___overweight______|___________________|___________________|___koala___________|___false___________|

|                                                  SCENARIO: BUSHFIRE | Decided by algorithm at 2023/06/23 10:48:03                                             |
|    CHARACTER      |    GENDER         |    AGE            |    BODYTYPE       |    PROFESSION     |    PREGNANT       |    SPECIES        |    ISPET          |
|#1 Location: 17.5548 S; 158.8239 E___________________________________________________________________________________________________|___Legal____|___Saved____|
|___human___________|___male____________|___71______________|___athletic________|___none____________|___false___________|___________________|___________________|
|___animal__________|___male____________|___15______________|___average_________|___________________|___________________|___wallaby_________|___false___________|
|___human___________|___male____________|___37______________|___overweight______|___professor_______|___false___________|___________________|___________________|
|___human___________|___female__________|___41______________|___average_________|___doctor__________|___false___________|___________________|___________________|
|#2 Location: 17.6069 S; 161.7064 E___________________________________________________________________________________________________|_Trespassed_|___Skipped__|
|___human___________|___female__________|___34______________|___average_________|___criminal________|___false___________|___________________|___________________|
|___human___________|___male____________|___59______________|___athletic________|___professor_______|___false___________|___________________|___________________|
|___human___________|___female__________|___28______________|___overweight______|___ceo_____________|___true____________|___________________|___________________|

|                                                  SCENARIO: CYCLONE | Decided by algorithm at 2023/06/23 10:48:03                                              |
|    CHARACTER      |    GENDER         |    AGE            |    BODYTYPE       |    PROFESSION     |    PREGNANT       |    SPECIES        |    ISPET          |
|#1 Location: 42.6598 S; 69.283 E_____________________________________________________________________________________________________|___Legal____|___Skipped__|
|___human___________|___male____________|___61______________|___athletic________|___homeless________|___false___________|___________________|___________________|
|___animal__________|___female__________|___9_______________|___overweight______|___________________|___________________|___wallaby_________|___false___________|
|___human___________|___male____________|___35______________|___overweight______|___ceo_____________|___false___________|___________________|___________________|
|#2 Location: 42.7966 S; 68.3571 E____________________________________________________________________________________________________|___Legal____|___Saved____|
|___human___________|___male____________|___67______________|___average_________|___ceo_____________|___false___________|___________________|___________________|
|___human___________|___female__________|___14______________|___athletic________|___none____________|___false___________|___________________|___________________|
|___human___________|___male____________|___34______________|___athletic________|___homeless________|___false___________|___________________|___________________|

|                                                  SCENARIO: FLOOD | Decided by algorithm at 2023/06/23 10:48:08                                                |
|    CHARACTER      |    GENDER         |    AGE            |    BODYTYPE       |    PROFESSION     |    PREGNANT       |    SPECIES        |    ISPET          |
|#1 Location: 13.7154 N; 150.9094 W___________________________________________________________________________________________________|_Trespassed_|___Saved____|
|___human___________|___female__________|___16______________|___overweight______|___none____________|___false___________|___________________|___________________|
|___animal__________|___female__________|___8_______________|___overweight______|___________________|___________________|___cat_____________|___true____________|
|___animal__________|___female__________|___16______________|___overweight______|___________________|___________________|___koala___________|___false___________|
|___human___________|___male____________|___7_______________|___athletic________|___none____________|___false___________|___________________|___________________|
|___human___________|___male____________|___17______________|___average_________|___student_________|___false___________|___________________|___________________|
|#2 Location: 15.3983 N; 122.8133 W___________________________________________________________________________________________________|___Legal____|___Skipped__|
|___human___________|___male____________|___52______________|___athletic________|___doctor__________|___false___________|___________________|___________________|
|___animal__________|___male____________|___3_______________|___overweight______|___________________|___________________|___koala___________|___false___________|

|                                                  SCENARIO: BUSHFIRE | Decided by algorithm at 2023/06/23 10:48:08                                             |
|    CHARACTER      |    GENDER         |    AGE            |    BODYTYPE       |    PROFESSION     |    PREGNANT       |    SPECIES        |    ISPET          |
|#1 Location: 17.5548 S; 158.8239 E___________________________________________________________________________________________________|___Legal____|___Saved____|
|___human___________|___male____________|___71______________|___athletic________|___none____________|___false___________|___________________|___________________|
|___animal__________|___male____________|___15______________|___average_________|___________________|___________________|___wallaby_________|___false___________|
|___human___________|___male____________|___37______________|___overweight______|___professor_______|___false___________|___________________|___________________|
|___human___________|___female__________|___41______________|___average_________|___doctor__________|___false___________|___________________|___________________|
|#2 Location: 17.6069 S; 161.7064 E___________________________________________________________________________________________________|_Trespassed_|___Skipped__|
|___human___________|___female__________|___34______________|___average_________|___criminal________|___false___________|___________________|___________________|
|___human___________|___male____________|___59______________|___athletic________|___professor_______|___false___________|___________________|___________________|
|___human___________|___female__________|___28______________|___overweight______|___ceo_____________|___true____________|___________________|___________________|

|                                                  SCENARIO: CYCLONE | Decided by algorithm at 2023/06/23 10:48:08                                              |
|    CHARACTER      |    GENDER         |    AGE            |    BODYTYPE       |    PROFESSION     |    PREGNANT       |    SPECIES        |    ISPET          |
|#1 Location: 42.6598 S; 69.283 E_____________________________________________________________________________________________________|___Legal____|___Skipped__|
|___human___________|___male____________|___61______________|___athletic________|___homeless________|___false___________|___________________|___________________|
|___animal__________|___female__________|___9_______________|___overweight______|___________________|___________________|___wallaby_________|___false___________|
|___human___________|___male____________|___35______________|___overweight______|___ceo_____________|___false___________|___________________|___________________|
|#2 Location: 42.7966 S; 68.3571 E____________________________________________________________________________________________________|___Legal____|___Saved____|
|___human___________|___male____________|___67______________|___average_________|___ceo_____________|___false___________|___________________|___________________|
|___human___________|___female__________|___14______________|___athletic________|___none____________|___false___________|___________________|___________________|
|___human___________|___male____________|___34______________|___athletic________|___homeless________|___false___________|___________________|___________________|
